\BOOKMARK [1][-]{section.1}{\376\377\000G\000i\036\333\000i\000\040\000t\000h\000i\036\307\000u\000\040\000t\036\325\000n\000g\000\040\000q\000u\000a\000n\000\040\001\021\036\301\000\040\000t\000\340\000i}{}% 1
\BOOKMARK [2][-]{subsection.1.1}{\376\377\000G\000i\036\333\000i\000\040\000t\000h\000i\036\307\000u\000\040\001\021\036\301\000\040\000t\000\340\000i}{section.1}% 2
\BOOKMARK [2][-]{subsection.1.2}{\376\377\000M\036\345\000c\000\040\000t\000i\000\352\000u\000\040\000t\000h\036\361\000c\000\040\000h\000i\036\307\000n\000\040\001\021\036\301\000\040\000t\000\340\000i}{section.1}% 3
\BOOKMARK [2][-]{subsection.1.3}{\376\377\000L\036\343\000i\000\040\000\355\000c\000h\000\040\000c\036\347\000a\000\040\001\021\036\301\000\040\000t\000\340\000i\000\040\000m\000a\000n\000g\000\040\000l\036\241\000i}{section.1}% 4
\BOOKMARK [2][-]{subsection.1.4}{\376\377\000P\000h\036\241\000m\000\040\000v\000i\000\040\000v\000\340\000\040\000g\000i\036\333\000i\000\040\000h\036\241\000n\000\040\000c\036\347\000a\000\040\001\021\036\301\000\040\000t\000\340\000i}{section.1}% 5
\BOOKMARK [2][-]{subsection.1.5}{\376\377\000C\036\245\000u\000\040\000t\000r\000\372\000c\000\040\000c\036\347\000a\000\040\001\021\036\301\000\040\000t\000\340\000i}{section.1}% 6
\BOOKMARK [1][-]{section.2}{\376\377\000P\000h\000\342\000n\000\040\000t\000\355\000c\000h\000\040\000t\036\325\000n\000g\000\040\000q\000u\000a\000n}{}% 7
\BOOKMARK [2][-]{subsection.2.1}{\376\377\000C\000\341\000c\000\040\000h\036\307\000\040\000t\000h\036\321\000n\000g\000\040\000c\000\363\000\040\000l\000i\000\352\000n\000\040\000q\000u\000a\000n\000\040\000t\000r\000\352\000n\000\040\000t\000h\036\313\000\040\000t\000r\001\260\036\335\000n\000g}{section.2}% 8
\BOOKMARK [3][-]{subsubsection.2.1.1}{\376\377\000H\000\040\000\046\000\040\000M}{subsection.2.1}% 9
\BOOKMARK [0][-]{subsubsubsection.2.1.1.1}{\376\377\001\020\036\267\000c\000\040\001\021\000i\036\303\000m\000\040\000k\036\371\000\040\000t\000h\000u\036\255\000t\000\040\000n\036\325\000i\000\040\000b\036\255\000t}{}% 10
\BOOKMARK [0][-]{subsubsubsection.2.1.1.2}{\376\377\001\020\000\341\000n\000h\000\040\000g\000i\000\341\000\040\000h\036\307\000\040\000t\000h\036\321\000n\000g}{}% 11
\BOOKMARK [1][-]{subsubsection.2.1.2}{\376\377\000Z\000a\000r\000a}{subsubsubsection.2.1.1.2}% 12
\BOOKMARK [0][-]{subsubsubsection.2.1.2.1}{\376\377\001\020\036\267\000c\000\040\001\021\000i\036\303\000m\000\040\000k\036\371\000\040\000t\000h\000u\036\255\000t\000\040\000n\036\325\000i\000\040\000b\036\255\000t}{}% 13
\BOOKMARK [0][-]{subsubsubsection.2.1.2.2}{\376\377\001\020\000\341\000n\000h\000\040\000g\000i\000\341\000\040\000h\036\307\000\040\000t\000h\036\321\000n\000g}{}% 14
\BOOKMARK [1][-]{subsubsection.2.1.3}{\376\377\000A\000d\000i\000d\000a\000s}{subsubsubsection.2.1.2.2}% 15
\BOOKMARK [0][-]{subsubsubsection.2.1.3.1}{\376\377\001\020\036\267\000c\000\040\001\021\000i\036\303\000m\000\040\000k\036\371\000\040\000t\000h\000u\036\255\000t\000\040\000n\036\325\000i\000\040\000b\036\255\000t}{}% 16
\BOOKMARK [0][-]{subsubsubsection.2.1.3.2}{\376\377\001\020\000\341\000n\000h\000\040\000g\000i\000\341\000\040\000h\036\307\000\040\000t\000h\036\321\000n\000g}{}% 17
\BOOKMARK [1][-]{subsubsection.2.1.4}{\376\377\000A\000m\000a\000z\000o\000n\000\040\000F\000a\000s\000h\000i\000o\000n}{subsubsubsection.2.1.3.2}% 18
\BOOKMARK [0][-]{subsubsubsection.2.1.4.1}{\376\377\001\020\036\267\000c\000\040\001\021\000i\036\303\000m\000\040\000k\036\371\000\040\000t\000h\000u\036\255\000t\000\040\000n\036\325\000i\000\040\000b\036\255\000t}{}% 19
\BOOKMARK [0][-]{subsubsubsection.2.1.4.2}{\376\377\001\020\000\341\000n\000h\000\040\000g\000i\000\341\000\040\000h\036\307\000\040\000t\000h\036\321\000n\000g}{}% 20
\BOOKMARK [1][-]{subsubsection.2.1.5}{\376\377\000C\000o\000o\000l\000m\000a\000t\000e}{subsubsubsection.2.1.4.2}% 21
\BOOKMARK [0][-]{subsubsubsection.2.1.5.1}{\376\377\001\020\036\267\000c\000\040\001\021\000i\036\303\000m\000\040\000k\036\371\000\040\000t\000h\000u\036\255\000t\000\040\000n\036\325\000i\000\040\000b\036\255\000t}{}% 22
\BOOKMARK [0][-]{subsubsubsection.2.1.5.2}{\376\377\001\020\000\341\000n\000h\000\040\000g\000i\000\341\000\040\000h\036\307\000\040\000t\000h\036\321\000n\000g}{}% 23
\BOOKMARK [1][-]{subsubsection.2.1.6}{\376\377\000H\036\307\000\040\000t\000h\036\321\000n\000g\000\040\000n\000h\000\363\000m\000\040\001\021\000a\000n\000g\000\040\000p\000h\000\341\000t\000\040\000t\000r\000i\036\303\000n\000\040\000-\000\040\000B\000K\000\040\000F\000a\000s\000h\000i\000o\000n}{subsubsubsection.2.1.5.2}% 24
\BOOKMARK [0][-]{subsubsubsection.2.1.6.1}{\376\377\000G\000i\036\333\000i\000\040\000t\000h\000i\036\307\000u\000\040\000B\000K\000\040\000F\000a\000s\000h\000i\000o\000n}{}% 25
\BOOKMARK [0][-]{subsubsubsection.2.1.6.2}{\376\377\000T\000\355\000n\000h\000\040\000n\001\003\000n\000g\000\040\000n\036\325\000i\000\040\000b\036\255\000t\000\040\000c\036\347\000a\000\040\000B\000K\000\040\000F\000a\000s\000h\000i\000o\000n}{}% 26
\BOOKMARK [1][-]{section.3}{\376\377\000C\000\364\000n\000g\000\040\000n\000g\000h\036\307\000\040\000s\036\355\000\040\000d\036\345\000n\000g}{subsubsubsection.2.1.6.2}% 27
\BOOKMARK [1][-]{section.4}{\376\377\000P\000h\000\342\000n\000\040\000t\000\355\000c\000h\000\040\000h\036\307\000\040\000t\000h\036\321\000n\000g}{subsubsubsection.2.1.6.2}% 28
\BOOKMARK [2][-]{subsection.4.1}{\376\377\000C\000\341\000c\000\040\000v\000a\000i\000\040\000t\000r\000\362\000\040\000v\000\340\000\040\000y\000\352\000u\000\040\000c\036\247\000u\000\040\000c\000h\036\351\000c\000\040\000n\001\003\000n\000g\000\040\000c\036\347\000a\000\040\000n\000g\001\260\036\335\000i\000\040\000d\000\371\000n\000g\000\040\000t\000r\000o\000n\000g\000\040\000h\036\307\000\040\000t\000h\036\321\000n\000g}{section.4}% 29
\BOOKMARK [2][-]{subsection.4.2}{\376\377\000C\000\341\000c\000\040\000y\000\352\000u\000\040\000c\036\247\000u\000\040\000p\000h\000i\000\040\000c\000h\036\351\000c\000\040\000n\001\003\000n\000g}{section.4}% 30
\BOOKMARK [2][-]{subsection.4.3}{\376\377\000T\000h\000i\036\277\000t\000\040\000k\036\277\000\040\000u\000s\000e\000c\000a\000s\000e}{section.4}% 31
\BOOKMARK [3][-]{subsubsection.4.3.1}{\376\377\000S\001\241\000\040\001\021\036\323\000\040\000u\000s\000e\000c\000a\000s\000e}{subsection.4.3}% 32
\BOOKMARK [0][-]{subsubsubsection.4.3.1.1}{\376\377\000S\001\241\000\040\001\021\036\323\000\040\000u\000s\000e\000c\000a\000s\000e\000\040\000c\000h\000o\000\040\000n\000g\001\260\036\335\000i\000\040\000q\000u\036\243\000n\000\040\000t\000r\036\313\000\040\000v\000i\000\352\000n\000\040\000\050\000a\000d\000m\000i\000n\000\051\000\040\000v\000\340\000\040\000n\000h\000\342\000n\000\040\000v\000i\000\352\000n\000\040\000\050\000s\000t\000a\000f\000f\000\051}{}% 33
\BOOKMARK [0][-]{subsubsubsection.4.3.1.2}{\376\377\000S\001\241\000\040\001\021\036\323\000\040\000u\000s\000e\000c\000a\000s\000e\000\040\000c\000h\000o\000\040\000n\000g\001\260\036\335\000i\000\040\000k\000h\000\341\000c\000h\000\040\000h\000\340\000n\000g\000\040\000\050\000c\000u\000s\000t\000o\000m\000e\000r\000\051}{}% 34
\BOOKMARK [1][-]{subsubsection.4.3.2}{\376\377\001\020\036\267\000c\000\040\000t\036\243\000\040\000u\000s\000e\000c\000a\000s\000e}{subsubsubsection.4.3.1.2}% 35
\BOOKMARK [0][-]{subsubsubsection.4.3.2.1}{\376\377\001\020\036\267\000c\000\040\000t\036\243\000\040\000u\000s\000e\000c\000a\000s\000e\000\040\000c\000h\000o\000\040\000n\000g\001\260\036\335\000i\000\040\000q\000u\036\243\000n\000\040\000t\000r\036\313\000\040\000v\000i\000\352\000n\000\040\000\050\000a\000d\000m\000i\000n\000\051}{}% 36
\BOOKMARK [0][-]{subsubsubsection.4.3.2.2}{\376\377\001\020\036\267\000c\000\040\000t\036\243\000\040\000u\000s\000e\000c\000a\000s\000e\000\040\000c\000h\000o\000\040\000n\000g\001\260\036\335\000i\000\040\000n\000h\000\342\000n\000\040\000v\000i\000\352\000n\000\040\000\050\000s\000t\000a\000f\000f\000\051}{}% 37
\BOOKMARK [0][-]{subsubsubsection.4.3.2.3}{\376\377\001\020\036\267\000c\000\040\000t\036\243\000\040\000u\000s\000e\000c\000a\000s\000e\000\040\000c\000h\000o\000\040\000n\000g\001\260\036\335\000i\000\040\000k\000h\000\341\000c\000h\000\040\000h\000\340\000n\000g\000\040\000\050\000c\000u\000s\000t\000o\000m\000e\000r\000\051}{}% 38
\BOOKMARK [1][-]{subsection.4.4}{\376\377\000S\001\241\000\040\001\021\036\323\000\040\000h\000o\036\241\000t\000\040\001\021\036\331\000n\000g}{subsubsubsection.4.3.2.3}% 39
\BOOKMARK [2][-]{subsubsection.4.4.1}{\376\377\000N\000g\001\260\036\335\000i\000\040\000q\000u\036\243\000n\000\040\000t\000r\036\313\000\040\000v\000i\000\352\000n\000,\000\040\000n\000g\001\260\036\335\000i\000\040\000n\000h\000\342\000n\000\040\000v\000i\000\352\000n\000\040\000x\036\355\000\040\000l\000\375\000\040\001\021\001\241\000n\000\040\000h\000\340\000n\000g\000.}{subsection.4.4}% 40
\BOOKMARK [3][-]{subsubsection.4.4.2}{\376\377\000N\000g\001\260\036\335\000i\000\040\000q\000u\036\243\000n\000\040\000t\000r\036\313\000\040\000v\000i\000\352\000n\000,\000\040\000n\000g\001\260\036\335\000i\000\040\000n\000h\000\342\000n\000\040\000v\000i\000\352\000n\000\040\000x\036\355\000\040\000l\000\375\000\040\000t\000r\036\243\000\040\001\021\001\241\000n\000\040\000h\000\340\000n\000g\000\040\000-\000\040\000h\000o\000\340\000n\000\040\000t\000i\036\301\000n\000.}{subsubsection.4.4.1}% 41
\BOOKMARK [3][-]{subsubsection.4.4.3}{\376\377\000N\000g\001\260\036\335\000i\000\040\000k\000h\000\341\000c\000h\000\040\000h\000\340\000n\000g\000\040\000d\000u\000y\036\307\000t\000\040\000s\036\243\000n\000\040\000p\000h\036\251\000m\000\040\000v\000\340\000\040\000m\000u\000a\000\040\000s\036\243\000n\000\040\000p\000h\036\251\000m\000.}{subsubsection.4.4.1}% 42
\BOOKMARK [3][-]{subsubsection.4.4.4}{\376\377\000N\000g\001\260\036\335\000i\000\040\000k\000h\000\341\000c\000h\000\040\000h\000\340\000n\000g\000\040\000h\036\347\000y\000\040\001\021\001\241\000n\000\040\000h\000\340\000n\000g\000.}{subsubsection.4.4.1}% 43
\BOOKMARK [3][-]{subsubsection.4.4.5}{\376\377\000N\000g\001\260\036\335\000i\000\040\000k\000h\000\341\000c\000h\000\040\000h\000\340\000n\000g\000\040\000y\000\352\000u\000\040\000c\036\247\000u\000\040\000t\000r\036\243\000\040\001\021\001\241\000n\000\040\000h\000\340\000n\000g\000\040\000-\000\040\000h\000o\000\340\000n\000\040\000t\000i\036\301\000n\000.}{subsubsection.4.4.1}% 44
\BOOKMARK [1][-]{section.5}{\376\377\000T\000h\000i\036\277\000t\000\040\000k\036\277\000\040\000h\036\307\000\040\000t\000h\036\321\000n\000g}{subsubsubsection.4.3.2.3}% 45
\BOOKMARK [2][-]{subsection.5.1}{\376\377\000K\000i\036\277\000n\000\040\000t\000r\000\372\000c\000\040\000h\036\307\000\040\000t\000h\036\321\000n\000g}{section.5}% 46
\BOOKMARK [2][-]{subsection.5.2}{\376\377\000T\000h\000i\036\277\000t\000\040\000k\036\277\000\040\000c\001\241\000\040\000s\036\337\000\040\000d\036\357\000\040\000l\000i\036\307\000u}{section.5}% 47
\BOOKMARK [3][-]{subsubsection.5.2.1}{\376\377\000M\000\364\000\040\000t\036\243\000\040\000t\000h\036\361\000c\000\040\000t\000h\036\303}{subsection.5.2}% 48
\BOOKMARK [3][-]{subsubsection.5.2.2}{\376\377\000L\001\260\036\343\000c\000\040\001\021\036\323\000\040\000t\000h\036\361\000c\000\040\000t\000h\036\303\000\040\000m\036\321\000i\000\040\000l\000i\000\352\000n\000\040\000h\036\307\000\040\000m\036\337\000\040\000r\036\331\000n\000g\000\040\000\050\000E\000E\000R\000D\000\051}{subsection.5.2}% 49
\BOOKMARK [3][-]{subsubsection.5.2.3}{\376\377\000L\001\260\036\343\000c\000\040\001\021\036\323\000\040\000c\001\241\000\040\000s\036\337\000\040\000d\036\357\000\040\000l\000i\036\307\000u}{subsection.5.2}% 50
\BOOKMARK [2][-]{subsection.5.3}{\376\377\000B\000i\036\303\000u\000\040\001\021\036\323\000\040\000l\036\333\000p\000\040\000\050\000C\000l\000a\000s\000s\000\040\000D\000i\000a\000g\000r\000a\000m\000\051}{section.5}% 51
\BOOKMARK [2][-]{subsection.5.4}{\376\377\000S\001\241\000\040\001\021\036\323\000\040\000t\000u\036\247\000n\000\040\000t\036\361}{section.5}% 52
\BOOKMARK [3][-]{subsubsection.5.4.1}{\376\377\000N\000g\001\260\036\335\000i\000\040\000q\000u\036\243\000n\000\040\000t\000r\036\313\000\040\000v\000i\000\352\000n\000,\000\040\000n\000g\001\260\036\335\000i\000\040\000n\000h\000\342\000n\000\040\000v\000i\000\352\000n\000\040\000x\036\355\000\040\000l\000\375\000\040\001\021\001\241\000n\000\040\000h\000\340\000n\000g\000.}{subsection.5.4}% 53
\BOOKMARK [3][-]{subsubsection.5.4.2}{\376\377\000N\000g\001\260\036\335\000i\000\040\000q\000u\036\243\000n\000\040\000t\000r\036\313\000\040\000v\000i\000\352\000n\000,\000\040\000n\000g\001\260\036\335\000i\000\040\000n\000h\000\342\000n\000\040\000v\000i\000\352\000n\000\040\000x\036\355\000\040\000l\000\375\000\040\000t\000r\036\243\000\040\000h\000\340\000n\000g\000\040\000-\000\040\000h\000o\000\340\000n\000\040\000t\000i\036\301\000n\000.}{subsection.5.4}% 54
\BOOKMARK [3][-]{subsubsection.5.4.3}{\376\377\000N\000g\001\260\036\335\000i\000\040\000K\000h\000\341\000c\000h\000\040\000h\000\340\000n\000g\000\040\000t\000h\036\361\000c\000\040\000h\000i\036\307\000n\000\040\000t\000\354\000m\000\040\000k\000i\036\277\000m\000\040\000v\000\340\000\040\000x\000e\000m\000\040\000s\036\243\000n\000\040\000p\000h\036\251\000m\000.}{subsection.5.4}% 55
\BOOKMARK [3][-]{subsubsection.5.4.4}{\376\377\000N\000g\001\260\036\335\000i\000\040\000K\000h\000\341\000c\000h\000\040\000h\000\340\000n\000g\000\040\000t\000h\036\361\000c\000\040\000h\000i\036\307\000n\000\040\000s\000o\000\040\000s\000\341\000n\000h\000\040\000t\000h\000\364\000n\000g\000\040\000t\000i\000n\000\040\000c\000\341\000c\000\040\000s\036\243\000n\000\040\000p\000h\036\251\000m\000.}{subsection.5.4}% 56
\BOOKMARK [3][-]{subsubsection.5.4.5}{\376\377\000N\000g\001\260\036\335\000i\000\040\000K\000h\000\341\000c\000h\000\040\000h\000\340\000n\000g\000\040\000t\000h\036\361\000c\000\040\000h\000i\036\307\000n\000\040\000v\000i\036\307\000c\000\040\000m\000u\000a\000\040\000n\000g\000a\000y\000\040\000s\036\243\000n\000\040\000p\000h\036\251\000m\000.}{subsection.5.4}% 57
\BOOKMARK [3][-]{subsubsection.5.4.6}{\376\377\000N\000g\001\260\036\335\000i\000\040\000K\000h\000\341\000c\000h\000\040\000h\000\340\000n\000g\000\040\000t\000h\036\361\000c\000\040\000h\000i\036\307\000n\000\040\000t\000h\000\352\000m\000\040\000c\000\341\000c\000\040\000s\036\243\000n\000\040\000p\000h\036\251\000m\000\040\000v\000\340\000o\000\040\000g\000i\036\317\000\040\000h\000\340\000n\000g\000.}{subsection.5.4}% 58
\BOOKMARK [3][-]{subsubsection.5.4.7}{\376\377\000N\000g\001\260\036\335\000i\000\040\000K\000h\000\341\000c\000h\000\040\000h\000\340\000n\000g\000\040\000t\000h\036\361\000c\000\040\000h\000i\036\307\000n\000\040\000m\000u\000a\000\040\000c\000\341\000c\000\040\000s\036\243\000n\000\040\000p\000h\036\251\000m\000\040\000t\036\353\000\040\000g\000i\036\317\000\040\000h\000\340\000n\000g\000.}{subsection.5.4}% 59
\BOOKMARK [3][-]{subsubsection.5.4.8}{\376\377\000N\000g\001\260\036\335\000i\000\040\000K\000h\000\341\000c\000h\000\040\000h\000\340\000n\000g\000\040\000t\000h\036\361\000c\000\040\000h\000i\036\307\000n\000\040\000m\000u\000a\000\040\000c\000\341\000c\000\040\000s\036\243\000n\000\040\000p\000h\036\251\000m\000\040\000t\036\353\000\040\001\021\001\241\000n\000\040\000h\000\340\000n\000g\000\040\001\021\000\343\000\040\000m\000u\000a\000.}{subsection.5.4}% 60
\BOOKMARK [3][-]{subsubsection.5.4.9}{\376\377\000N\000g\001\260\036\335\000i\000\040\000K\000h\000\341\000c\000h\000\040\000h\000\340\000n\000g\000\040\000t\000h\036\361\000c\000\040\000h\000i\036\307\000n\000\040\000h\036\347\000y\000\040\001\021\001\241\000n\000\040\001\021\036\267\000t\000\040\000h\000\340\000n\000g\000.}{subsection.5.4}% 61
\BOOKMARK [3][-]{subsubsection.5.4.10}{\376\377\000N\000g\001\260\036\335\000i\000\040\000K\000h\000\341\000c\000h\000\040\000h\000\340\000n\000g\000\040\000t\000h\036\361\000c\000\040\000h\000i\036\307\000n\000\040\000t\000r\036\243\000\040\000h\000\340\000n\000g\000\040\000-\000\040\000h\000o\000\340\000n\000\040\000t\000i\036\301\000n\000.}{subsection.5.4}% 62
\BOOKMARK [2][-]{subsection.5.5}{\376\377\000T\000h\000i\036\277\000t\000\040\000k\036\277\000\040\000g\000i\000a\000o\000\040\000d\000i\036\307\000n\000\040\000h\036\307\000\040\000t\000h\036\321\000n\000g}{section.5}% 63
\BOOKMARK [3][-]{subsubsection.5.5.1}{\376\377\000T\000h\000i\036\277\000t\000\040\000k\036\277\000\040\000g\000i\000a\000o\000\040\000d\000i\036\307\000n\000\040\000c\000h\000o\000\040\000k\000h\000\341\000c\000h\000\040\000h\000\340\000n\000g}{subsection.5.5}% 64
\BOOKMARK [0][-]{subsubsubsection.5.5.1.1}{\376\377\000T\000r\000a\000n\000g\000\040\000c\000h\036\347}{}% 65
\BOOKMARK [0][-]{subsubsubsection.5.5.1.2}{\376\377\000X\000e\000m\000\040\000S\036\243\000n\000\040\000p\000h\036\251\000m\000\040\000t\000h\000e\000o\000\040\000L\000o\036\241\000i\000/\000T\000\354\000m\000\040\000k\000i\036\277\000m\000\040\000S\036\243\000n\000\040\000p\000h\036\251\000m}{}% 66
\BOOKMARK [0][-]{subsubsubsection.5.5.1.3}{\376\377\000T\000\355\000n\000h\000\040\000n\001\003\000n\000g\000\040\000C\000h\001\003\000m\000\040\000s\000\363\000c\000\040\000k\000h\000\341\000c\000h\000\040\000h\000\340\000n\000g}{}% 67
\BOOKMARK [0][-]{subsubsubsection.5.5.1.4}{\376\377\000G\000i\036\317\000\040\000h\000\340\000n\000g}{}% 68
\BOOKMARK [0][-]{subsubsubsection.5.5.1.5}{\376\377\000T\000h\000a\000n\000h\000\040\000t\000o\000\341\000n}{}% 69
\BOOKMARK [0][-]{subsubsubsection.5.5.1.6}{\376\377\000C\000h\000i\000\040\000t\000i\036\277\000t\000\040\000s\036\243\000n\000\040\000p\000h\036\251\000m}{}% 70
\BOOKMARK [0][-]{subsubsubsection.5.5.1.7}{\376\377\000S\000o\000\040\000s\000\341\000n\000h\000\040\000S\036\243\000n\000\040\000p\000h\036\251\000m}{}% 71
\BOOKMARK [0][-]{subsubsubsection.5.5.1.8}{\376\377\000T\000r\000a\000n\000g\000\040\000c\000\341\000\040\000n\000h\000\342\000n}{}% 72
\BOOKMARK [0][-]{subsubsubsection.5.5.1.9}{\376\377\000Q\000u\036\243\000n\000\040\000l\000\375\000\040\001\021\001\241\000n\000\040\000h\000\340\000n\000g}{}% 73
\BOOKMARK [0][-]{subsubsubsection.5.5.1.10}{\376\377\000T\000h\000\364\000n\000g\000\040\000b\000\341\000o}{}% 74
\BOOKMARK [1][-]{subsubsection.5.5.2}{\376\377\000T\000h\000i\036\277\000t\000\040\000k\036\277\000\040\000g\000i\000a\000o\000\040\000d\000i\036\307\000n\000\040\000c\000h\000o\000\040\000q\000u\036\243\000n\000\040\000t\000r\036\313\000\040\000v\000i\000\352\000n}{subsubsubsection.5.5.1.10}% 75
\BOOKMARK [0][-]{subsubsubsection.5.5.2.1}{\376\377\000T\000r\000a\000n\000g\000\040\000t\036\325\000n\000g\000\040\000q\000u\000a\000n\000\040\000\050\000D\000a\000s\000h\000b\000o\000a\000r\000d\000\051}{}% 76
\BOOKMARK [0][-]{subsubsubsection.5.5.2.2}{\376\377\000Q\000u\036\243\000n\000\040\000l\000\375\000\040\001\021\001\241\000n\000\040\000h\000\340\000n\000g}{}% 77
\BOOKMARK [0][-]{subsubsubsection.5.5.2.3}{\376\377\000Q\000u\036\243\000n\000\040\000l\000\375\000\040\000k\000h\000\341\000c\000h\000\040\000h\000\340\000n\000g}{}% 78
\BOOKMARK [0][-]{subsubsubsection.5.5.2.4}{\376\377\000Q\000u\036\243\000n\000\040\000l\000\375\000\040\000v\000o\000u\000c\000h\000e\000r}{}% 79
\BOOKMARK [0][-]{subsubsubsection.5.5.2.5}{\376\377\000Q\000u\036\243\000n\000\040\000l\000\375\000\040\000d\000a\000n\000h\000\040\000m\036\345\000c}{}% 80
\BOOKMARK [0][-]{subsubsubsection.5.5.2.6}{\376\377\000Q\000u\036\243\000n\000\040\000l\000\375\000\040\000g\000i\000a\000o\000\040\000d\036\313\000c\000h}{}% 81
\BOOKMARK [0][-]{subsubsubsection.5.5.2.7}{\376\377\000C\000h\000a\000t\000\040\000h\036\327\000\040\000t\000r\036\343}{}% 82
\BOOKMARK [0][-]{subsubsubsection.5.5.2.8}{\376\377\000T\000h\000\352\000m\000\040\000s\036\243\000n\000\040\000p\000h\036\251\000m}{}% 83
\BOOKMARK [0][-]{subsubsubsection.5.5.2.9}{\376\377\000Q\000u\036\243\000n\000\040\000l\000\375\000\040\000t\000r\000a\000n\000g\000\040\000c\000\341\000\040\000n\000h\000\342\000n}{}% 84
\BOOKMARK [1][-]{subsubsection.5.5.3}{\376\377\000T\000h\000i\036\277\000t\000\040\000k\036\277\000\040\000g\000i\000a\000o\000\040\000d\000i\036\307\000n\000\040\000c\000h\000o\000\040\000n\000h\000\342\000n\000\040\000v\000i\000\352\000n}{subsubsubsection.5.5.2.9}% 85
\BOOKMARK [1][-]{section.6}{\376\377\000T\036\325\000n\000g\000\040\000k\036\277\000t}{subsubsubsection.5.5.2.9}% 86
\BOOKMARK [2][-]{subsection.6.1}{\376\377\000N\000h\036\255\000n\000\040\000x\000\351\000t}{section.6}% 87
\BOOKMARK [2][-]{subsection.6.2}{\376\377\000H\001\260\036\333\000n\000g\000\040\000p\000h\000\341\000t\000\040\000t\000r\000i\036\303\000n}{section.6}% 88
\BOOKMARK [1][-]{section.7}{\376\377\000T\000\340\000i\000\040\000l\000i\036\307\000u\000\040\000t\000h\000a\000m\000\040\000k\000h\036\243\000o}{subsubsubsection.5.5.2.9}% 89
\BOOKMARK [1][-]{section.8}{\376\377\000P\000h\036\345\000\040\000l\036\345\000c}{subsubsubsection.5.5.2.9}% 90
